
2022-10-09 10:25:46,137 web_auto_test INFO conftest.py-22 line：======== class fixture, open browser, goto login page =======
2022-10-09 10:25:57,387 web_auto_test INFO conftest.py-51 line：======== class fixture, login page, login with global normal user =======
2022-10-09 10:25:57,387 web_auto_test INFO basepage.py-44 line：With Login_input_username, Waiting for element ('name', 'username') visible.
2022-10-09 10:25:57,463 web_auto_test INFO basepage.py-57 line：Spent 0.075 seconds, on waiting.
2022-10-09 10:25:57,463 web_auto_test INFO basepage.py-102 line：With Login_input_username, Finding element ('name', 'username').
2022-10-09 10:25:57,478 web_auto_test INFO basepage.py-151 line：With Login_input_username, send text aaaaaa to ('name', 'username').
2022-10-09 10:25:57,699 web_auto_test INFO basepage.py-44 line：With Login_input_password, Waiting for element ('name', 'password') visible.
2022-10-09 10:25:57,743 web_auto_test INFO basepage.py-57 line：Spent 0.044 seconds, on waiting.
2022-10-09 10:25:57,744 web_auto_test INFO basepage.py-102 line：With Login_input_password, Finding element ('name', 'password').
2022-10-09 10:25:57,752 web_auto_test INFO basepage.py-151 line：With Login_input_password, send text qqqqqqqq to ('name', 'password').
2022-10-09 10:25:57,897 web_auto_test INFO basepage.py-44 line：With Login_click_submit, Waiting for element ('class name', 'input_submit') visible.
2022-10-09 10:25:57,926 web_auto_test INFO basepage.py-57 line：Spent 0.029 seconds, on waiting.
2022-10-09 10:25:57,926 web_auto_test INFO basepage.py-102 line：With Login_click_submit, Finding element ('class name', 'input_submit').
2022-10-09 10:25:57,934 web_auto_test INFO basepage.py-127 line：With Login_click_submit, Click element ('class name', 'input_submit').
2022-10-09 10:26:00,560 web_auto_test INFO conftest.py-58 line：======== function fixture, goto home page =======
2022-10-09 10:26:01,391 web_auto_test INFO test_cart.py-38 line：======== test =======
2022-10-09 10:26:01,391 web_auto_test INFO basepage.py-44 line：With Homepage_Product-list-level1, Waiting for element ('xpath', '//div[@class="level1"]') visible.
2022-10-09 10:26:01,441 web_auto_test INFO basepage.py-57 line：Spent 0.049 seconds, on waiting.
2022-10-09 10:26:01,442 web_auto_test INFO basepage.py-102 line：With Homepage_Product-list-level1, Finding element ('xpath', '//div[@class="level1"]').
2022-10-09 10:26:01,734 web_auto_test INFO basepage.py-44 line：With Homepage_Click-to-product-list, Waiting for element ('xpath', '//div[@class="group_detail fl"]/a') visible.
2022-10-09 10:26:02,322 web_auto_test INFO basepage.py-57 line：Spent 0.588 seconds, on waiting.
2022-10-09 10:26:02,322 web_auto_test INFO basepage.py-102 line：With Homepage_Click-to-product-list, Finding element ('xpath', '//div[@class="group_detail fl"]/a').
2022-10-09 10:26:02,334 web_auto_test INFO basepage.py-127 line：With Homepage_Click-to-product-list, Click element ('xpath', '//div[@class="group_detail fl"]/a').
2022-10-09 10:26:03,400 web_auto_test INFO basepage.py-44 line：With ProductListPage_Click-to-detail, Waiting for element ('xpath', '//div[@class="r_wrap fr clearfix"]//h4') visible.
2022-10-09 10:26:03,528 web_auto_test INFO basepage.py-57 line：Spent 0.127 seconds, on waiting.
2022-10-09 10:26:03,528 web_auto_test INFO basepage.py-102 line：With ProductListPage_Click-to-detail, Finding element ('xpath', '//div[@class="r_wrap fr clearfix"]//h4').
2022-10-09 10:26:03,551 web_auto_test INFO basepage.py-127 line：With ProductListPage_Click-to-detail, Click element ('xpath', '//div[@class="r_wrap fr clearfix"]//h4').
2022-10-09 10:26:04,671 web_auto_test INFO basepage.py-44 line：With ProductDetailPage_Click-to-add-cart, Waiting for element ('id', 'add_cart') visible.
2022-10-09 10:26:04,716 web_auto_test INFO basepage.py-57 line：Spent 0.045 seconds, on waiting.
2022-10-09 10:26:04,716 web_auto_test INFO basepage.py-102 line：With ProductDetailPage_Click-to-add-cart, Finding element ('id', 'add_cart').
2022-10-09 10:26:04,750 web_auto_test INFO basepage.py-127 line：With ProductDetailPage_Click-to-add-cart, Click element ('id', 'add_cart').
2022-10-09 10:26:05,823 web_auto_test INFO basepage.py-69 line：With ProductDetailPage_Get-product-name, Waiting for page contains element ('xpath', '//div[@class="goods_detail_list fr"]/h3').
2022-10-09 10:26:05,842 web_auto_test INFO basepage.py-82 line：Spent 0.019 seconds, on waiting.
2022-10-09 10:26:05,843 web_auto_test INFO basepage.py-102 line：With ProductDetailPage_Get-product-name, Finding element ('xpath', '//div[@class="goods_detail_list fr"]/h3').
2022-10-09 10:26:05,855 web_auto_test INFO basepage.py-174 line：With ProductDetailPage_Get-product-name, Get element ('xpath', '//div[@class="goods_detail_list fr"]/h3') text.
2022-10-09 10:26:05,881 web_auto_test INFO basepage.py-185 line：Text value：Apple iPhone 8 Plus (A1864) 64GB 金色 移动联通电信4G手机
2022-10-09 10:26:05,881 web_auto_test INFO test_cart.py-47 line：Product name in detail page is: Apple iPhone 8 Plus (A1864) 64GB 金色 移动联通电信4G手机
2022-10-09 10:26:05,881 web_auto_test INFO basepage.py-44 line：With ProductDetailPage_Click-to-cart-detail, Waiting for element ('xpath', '//a[@class="cart_name fl"]') visible.
2022-10-09 10:26:05,911 web_auto_test INFO basepage.py-57 line：Spent 0.029 seconds, on waiting.
2022-10-09 10:26:05,911 web_auto_test INFO basepage.py-102 line：With ProductDetailPage_Click-to-cart-detail, Finding element ('xpath', '//a[@class="cart_name fl"]').
2022-10-09 10:26:05,921 web_auto_test INFO basepage.py-127 line：With ProductDetailPage_Click-to-cart-detail, Click element ('xpath', '//a[@class="cart_name fl"]').
2022-10-09 10:26:06,263 web_auto_test INFO basepage.py-69 line：With CartDetailPage_Get-product-name, Waiting for page contains element ('xpath', '//ul[@class="cart_list_td clearfix"]//li[@class="col03"]').
2022-10-09 10:26:06,320 web_auto_test INFO basepage.py-82 line：Spent 0.056 seconds, on waiting.
2022-10-09 10:26:06,321 web_auto_test INFO basepage.py-102 line：With CartDetailPage_Get-product-name, Finding element ('xpath', '//ul[@class="cart_list_td clearfix"]//li[@class="col03"]').
2022-10-09 10:26:06,338 web_auto_test INFO basepage.py-174 line：With CartDetailPage_Get-product-name, Get element ('xpath', '//ul[@class="cart_list_td clearfix"]//li[@class="col03"]') text.
2022-10-09 10:26:06,361 web_auto_test INFO basepage.py-185 line：Text value：Apple iPhone 8 Plus (A1864) 64GB 金色 移动联通电信4G手机
2022-10-09 10:26:06,361 web_auto_test INFO basepage.py-44 line：With CartPage_Delete-product-item, Waiting for element ('xpath', '//li[@class="col08"]/a') visible.
2022-10-09 10:26:06,391 web_auto_test INFO basepage.py-57 line：Spent 0.030 seconds, on waiting.
2022-10-09 10:26:06,392 web_auto_test INFO basepage.py-102 line：With CartPage_Delete-product-item, Finding element ('xpath', '//li[@class="col08"]/a').
2022-10-09 10:26:06,402 web_auto_test INFO basepage.py-127 line：With CartPage_Delete-product-item, Click element ('xpath', '//li[@class="col08"]/a').
2022-10-09 10:26:06,483 web_auto_test INFO test_cart.py-54 line：Product name in cart page is: Apple iPhone 8 Plus (A1864) 64GB 金色 移动联通电信4G手机
2022-10-09 10:26:06,491 web_auto_test INFO conftest.py-27 line：======== class fixture, close browser =======
2022-10-09 10:29:21,446 web_auto_test INFO conftest.py-22 line：======== class fixture, open browser, goto login page =======
2022-10-09 10:29:30,072 web_auto_test INFO conftest.py-51 line：======== class fixture, login page, login with global normal user =======
2022-10-09 10:29:30,072 web_auto_test INFO basepage.py-44 line：With Login_input_username, Waiting for element ('name', 'username') visible.
2022-10-09 10:29:30,150 web_auto_test INFO basepage.py-57 line：Spent 0.078 seconds, on waiting.
2022-10-09 10:29:30,151 web_auto_test INFO basepage.py-102 line：With Login_input_username, Finding element ('name', 'username').
2022-10-09 10:29:30,167 web_auto_test INFO basepage.py-151 line：With Login_input_username, send text aaaaaa to ('name', 'username').
2022-10-09 10:29:30,322 web_auto_test INFO basepage.py-44 line：With Login_input_password, Waiting for element ('name', 'password') visible.
2022-10-09 10:29:30,357 web_auto_test INFO basepage.py-57 line：Spent 0.035 seconds, on waiting.
2022-10-09 10:29:30,357 web_auto_test INFO basepage.py-102 line：With Login_input_password, Finding element ('name', 'password').
2022-10-09 10:29:30,368 web_auto_test INFO basepage.py-151 line：With Login_input_password, send text qqqqqqqq to ('name', 'password').
2022-10-09 10:29:30,513 web_auto_test INFO basepage.py-44 line：With Login_click_submit, Waiting for element ('class name', 'input_submit') visible.
2022-10-09 10:29:30,547 web_auto_test INFO basepage.py-57 line：Spent 0.033 seconds, on waiting.
2022-10-09 10:29:30,548 web_auto_test INFO basepage.py-102 line：With Login_click_submit, Finding element ('class name', 'input_submit').
2022-10-09 10:29:30,557 web_auto_test INFO basepage.py-127 line：With Login_click_submit, Click element ('class name', 'input_submit').
2022-10-09 10:29:33,089 web_auto_test INFO conftest.py-58 line：======== function fixture, goto home page =======
2022-10-09 10:29:35,082 web_auto_test INFO test_cart.py-38 line：======== test =======
2022-10-09 10:29:35,082 web_auto_test INFO basepage.py-44 line：With Homepage_Product-list-level1, Waiting for element ('xpath', '//div[@class="level1"]') visible.
2022-10-09 10:29:35,157 web_auto_test INFO basepage.py-57 line：Spent 0.074 seconds, on waiting.
2022-10-09 10:29:35,158 web_auto_test INFO basepage.py-102 line：With Homepage_Product-list-level1, Finding element ('xpath', '//div[@class="level1"]').
2022-10-09 10:29:35,443 web_auto_test INFO basepage.py-44 line：With Homepage_Click-to-product-list, Waiting for element ('xpath', '//div[@class="group_detail fl"]/a') visible.
2022-10-09 10:29:35,474 web_auto_test INFO basepage.py-57 line：Spent 0.031 seconds, on waiting.
2022-10-09 10:29:35,475 web_auto_test INFO basepage.py-102 line：With Homepage_Click-to-product-list, Finding element ('xpath', '//div[@class="group_detail fl"]/a').
2022-10-09 10:29:35,484 web_auto_test INFO basepage.py-127 line：With Homepage_Click-to-product-list, Click element ('xpath', '//div[@class="group_detail fl"]/a').
2022-10-09 10:29:36,703 web_auto_test INFO basepage.py-44 line：With ProductListPage_Click-to-detail, Waiting for element ('xpath', '//div[@class="r_wrap fr clearfix"]//h4') visible.
2022-10-09 10:29:36,764 web_auto_test INFO basepage.py-57 line：Spent 0.060 seconds, on waiting.
2022-10-09 10:29:36,765 web_auto_test INFO basepage.py-102 line：With ProductListPage_Click-to-detail, Finding element ('xpath', '//div[@class="r_wrap fr clearfix"]//h4').
2022-10-09 10:29:36,777 web_auto_test INFO basepage.py-127 line：With ProductListPage_Click-to-detail, Click element ('xpath', '//div[@class="r_wrap fr clearfix"]//h4').
2022-10-09 10:29:37,948 web_auto_test INFO basepage.py-44 line：With ProductDetailPage_Click-to-add-cart, Waiting for element ('id', 'add_cart') visible.
2022-10-09 10:29:37,980 web_auto_test INFO basepage.py-57 line：Spent 0.032 seconds, on waiting.
2022-10-09 10:29:37,980 web_auto_test INFO basepage.py-102 line：With ProductDetailPage_Click-to-add-cart, Finding element ('id', 'add_cart').
2022-10-09 10:29:37,987 web_auto_test INFO basepage.py-127 line：With ProductDetailPage_Click-to-add-cart, Click element ('id', 'add_cart').
2022-10-09 10:29:39,134 web_auto_test INFO basepage.py-69 line：With ProductDetailPage_Get-product-name, Waiting for page contains element ('xpath', '//div[@class="goods_detail_list fr"]/h3').
2022-10-09 10:29:39,154 web_auto_test INFO basepage.py-82 line：Spent 0.019 seconds, on waiting.
2022-10-09 10:29:39,155 web_auto_test INFO basepage.py-102 line：With ProductDetailPage_Get-product-name, Finding element ('xpath', '//div[@class="goods_detail_list fr"]/h3').
2022-10-09 10:29:39,169 web_auto_test INFO basepage.py-174 line：With ProductDetailPage_Get-product-name, Get element ('xpath', '//div[@class="goods_detail_list fr"]/h3') text.
2022-10-09 10:29:39,194 web_auto_test INFO basepage.py-185 line：Text value：Apple iPhone 8 Plus (A1864) 64GB 金色 移动联通电信4G手机
2022-10-09 10:29:39,195 web_auto_test INFO test_cart.py-47 line：Product name in detail page is: Apple iPhone 8 Plus (A1864) 64GB 金色 移动联通电信4G手机
2022-10-09 10:29:39,195 web_auto_test INFO basepage.py-44 line：With ProductDetailPage_Click-to-cart-detail, Waiting for element ('xpath', '//a[@class="cart_name fl"]') visible.
2022-10-09 10:29:39,221 web_auto_test INFO basepage.py-57 line：Spent 0.026 seconds, on waiting.
2022-10-09 10:29:39,222 web_auto_test INFO basepage.py-102 line：With ProductDetailPage_Click-to-cart-detail, Finding element ('xpath', '//a[@class="cart_name fl"]').
2022-10-09 10:29:39,230 web_auto_test INFO basepage.py-127 line：With ProductDetailPage_Click-to-cart-detail, Click element ('xpath', '//a[@class="cart_name fl"]').
2022-10-09 10:29:39,507 web_auto_test INFO basepage.py-69 line：With CartDetailPage_Get-product-name, Waiting for page contains element ('xpath', '//ul[@class="cart_list_td clearfix"]//li[@class="col03"]').
2022-10-09 10:29:39,525 web_auto_test INFO basepage.py-82 line：Spent 0.017 seconds, on waiting.
2022-10-09 10:29:39,525 web_auto_test INFO basepage.py-102 line：With CartDetailPage_Get-product-name, Finding element ('xpath', '//ul[@class="cart_list_td clearfix"]//li[@class="col03"]').
2022-10-09 10:29:39,532 web_auto_test INFO basepage.py-174 line：With CartDetailPage_Get-product-name, Get element ('xpath', '//ul[@class="cart_list_td clearfix"]//li[@class="col03"]') text.
2022-10-09 10:29:39,551 web_auto_test INFO basepage.py-185 line：Text value：Apple iPhone 8 Plus (A1864) 64GB 金色 移动联通电信4G手机
2022-10-09 10:29:39,551 web_auto_test INFO basepage.py-44 line：With CartPage_Delete-product-item, Waiting for element ('xpath', '//li[@class="col08"]/a') visible.
2022-10-09 10:29:39,598 web_auto_test INFO basepage.py-57 line：Spent 0.047 seconds, on waiting.
2022-10-09 10:29:39,598 web_auto_test INFO basepage.py-102 line：With CartPage_Delete-product-item, Finding element ('xpath', '//li[@class="col08"]/a').
2022-10-09 10:29:39,607 web_auto_test INFO basepage.py-127 line：With CartPage_Delete-product-item, Click element ('xpath', '//li[@class="col08"]/a').
2022-10-09 10:29:39,646 web_auto_test INFO test_cart.py-54 line：Product name in cart page is: Apple iPhone 8 Plus (A1864) 64GB 金色 移动联通电信4G手机
2022-10-09 10:29:39,652 web_auto_test INFO conftest.py-27 line：======== class fixture, close browser =======
2022-10-09 10:29:41,980 web_auto_test INFO conftest.py-22 line：======== class fixture, open browser, goto login page =======
2022-10-09 10:29:46,832 web_auto_test INFO conftest.py-33 line：======== function fixture, goto login page =======
2022-10-09 10:29:46,976 web_auto_test INFO basepage.py-44 line：With Login_input_username, Waiting for element ('name', 'username') visible.
2022-10-09 10:29:47,050 web_auto_test INFO basepage.py-57 line：Spent 0.073 seconds, on waiting.
2022-10-09 10:29:47,050 web_auto_test INFO basepage.py-102 line：With Login_input_username, Finding element ('name', 'username').
2022-10-09 10:29:47,059 web_auto_test INFO basepage.py-151 line：With Login_input_username, send text aaaaaa to ('name', 'username').
2022-10-09 10:29:47,322 web_auto_test INFO basepage.py-44 line：With Login_input_password, Waiting for element ('name', 'password') visible.
2022-10-09 10:29:47,366 web_auto_test INFO basepage.py-57 line：Spent 0.044 seconds, on waiting.
2022-10-09 10:29:47,366 web_auto_test INFO basepage.py-102 line：With Login_input_password, Finding element ('name', 'password').
2022-10-09 10:29:47,377 web_auto_test INFO basepage.py-151 line：With Login_input_password, send text qqqqqqqq to ('name', 'password').
2022-10-09 10:29:47,503 web_auto_test INFO basepage.py-44 line：With Login_click_submit, Waiting for element ('class name', 'input_submit') visible.
2022-10-09 10:29:47,533 web_auto_test INFO basepage.py-57 line：Spent 0.029 seconds, on waiting.
2022-10-09 10:29:47,533 web_auto_test INFO basepage.py-102 line：With Login_click_submit, Finding element ('class name', 'input_submit').
2022-10-09 10:29:47,542 web_auto_test INFO basepage.py-127 line：With Login_click_submit, Click element ('class name', 'input_submit').
2022-10-09 10:29:49,496 web_auto_test INFO basepage.py-44 line：With Homepage_Check_exist_button, Waiting for element ('xpath', '//a[@class="quit"]') visible.
2022-10-09 10:29:49,545 web_auto_test INFO basepage.py-57 line：Spent 0.050 seconds, on waiting.
2022-10-09 10:29:49,551 web_auto_test INFO conftest.py-33 line：======== function fixture, goto login page =======
2022-10-09 10:29:49,699 web_auto_test INFO basepage.py-44 line：With Login_input_username, Waiting for element ('name', 'username') visible.
2022-10-09 10:29:49,736 web_auto_test INFO basepage.py-57 line：Spent 0.036 seconds, on waiting.
2022-10-09 10:29:49,737 web_auto_test INFO basepage.py-102 line：With Login_input_username, Finding element ('name', 'username').
2022-10-09 10:29:49,749 web_auto_test INFO basepage.py-151 line：With Login_input_username, send text  to ('name', 'username').
2022-10-09 10:29:49,903 web_auto_test INFO basepage.py-44 line：With Login_input_password, Waiting for element ('name', 'password') visible.
2022-10-09 10:29:49,939 web_auto_test INFO basepage.py-57 line：Spent 0.036 seconds, on waiting.
2022-10-09 10:29:49,940 web_auto_test INFO basepage.py-102 line：With Login_input_password, Finding element ('name', 'password').
2022-10-09 10:29:49,950 web_auto_test INFO basepage.py-151 line：With Login_input_password, send text qqqqqqqq to ('name', 'password').
2022-10-09 10:29:50,047 web_auto_test INFO basepage.py-44 line：With Login_click_submit, Waiting for element ('class name', 'input_submit') visible.
2022-10-09 10:29:50,068 web_auto_test INFO basepage.py-57 line：Spent 0.021 seconds, on waiting.
2022-10-09 10:29:50,069 web_auto_test INFO basepage.py-102 line：With Login_click_submit, Finding element ('class name', 'input_submit').
2022-10-09 10:29:50,076 web_auto_test INFO basepage.py-127 line：With Login_click_submit, Click element ('class name', 'input_submit').
2022-10-09 10:29:50,293 web_auto_test INFO basepage.py-69 line：With Login_Get_error_msg, Waiting for page contains element ('xpath', '//div[@id="error_info"]').
2022-10-09 10:29:50,335 web_auto_test INFO basepage.py-82 line：Spent 0.041 seconds, on waiting.
2022-10-09 10:29:50,335 web_auto_test INFO basepage.py-102 line：With Login_Get_error_msg, Finding element ('xpath', '//div[@id="error_info"]').
2022-10-09 10:29:50,349 web_auto_test INFO basepage.py-174 line：With Login_Get_error_msg, Get element ('xpath', '//div[@id="error_info"]') text.
2022-10-09 10:29:50,369 web_auto_test INFO basepage.py-185 line：Text value：缺少用户名或密码
2022-10-09 10:29:50,376 web_auto_test INFO conftest.py-33 line：======== function fixture, goto login page =======
2022-10-09 10:29:50,462 web_auto_test INFO basepage.py-44 line：With Login_input_username, Waiting for element ('name', 'username') visible.
2022-10-09 10:29:50,547 web_auto_test INFO basepage.py-57 line：Spent 0.084 seconds, on waiting.
2022-10-09 10:29:50,547 web_auto_test INFO basepage.py-102 line：With Login_input_username, Finding element ('name', 'username').
2022-10-09 10:29:50,559 web_auto_test INFO basepage.py-151 line：With Login_input_username, send text aaa to ('name', 'username').
2022-10-09 10:29:50,643 web_auto_test INFO basepage.py-44 line：With Login_input_password, Waiting for element ('name', 'password') visible.
2022-10-09 10:29:50,670 web_auto_test INFO basepage.py-57 line：Spent 0.026 seconds, on waiting.
2022-10-09 10:29:50,671 web_auto_test INFO basepage.py-102 line：With Login_input_password, Finding element ('name', 'password').
2022-10-09 10:29:50,680 web_auto_test INFO basepage.py-151 line：With Login_input_password, send text qqqqqqqq to ('name', 'password').
2022-10-09 10:29:50,820 web_auto_test INFO basepage.py-44 line：With Login_click_submit, Waiting for element ('class name', 'input_submit') visible.
2022-10-09 10:29:50,927 web_auto_test INFO basepage.py-57 line：Spent 0.107 seconds, on waiting.
2022-10-09 10:29:50,928 web_auto_test INFO basepage.py-102 line：With Login_click_submit, Finding element ('class name', 'input_submit').
2022-10-09 10:29:50,936 web_auto_test INFO basepage.py-127 line：With Login_click_submit, Click element ('class name', 'input_submit').
2022-10-09 10:29:51,440 web_auto_test INFO basepage.py-69 line：With Login_Get_error_msg, Waiting for page contains element ('xpath', '//div[@id="error_info"]').
2022-10-09 10:29:51,592 web_auto_test INFO basepage.py-82 line：Spent 0.152 seconds, on waiting.
2022-10-09 10:29:51,592 web_auto_test INFO basepage.py-102 line：With Login_Get_error_msg, Finding element ('xpath', '//div[@id="error_info"]').
2022-10-09 10:29:51,629 web_auto_test INFO basepage.py-174 line：With Login_Get_error_msg, Get element ('xpath', '//div[@id="error_info"]') text.
2022-10-09 10:29:51,662 web_auto_test INFO basepage.py-185 line：Text value：用户名不符合规则
2022-10-09 10:29:51,670 web_auto_test INFO conftest.py-33 line：======== function fixture, goto login page =======
2022-10-09 10:29:51,783 web_auto_test INFO basepage.py-44 line：With Login_input_username, Waiting for element ('name', 'username') visible.
2022-10-09 10:29:51,828 web_auto_test INFO basepage.py-57 line：Spent 0.045 seconds, on waiting.
2022-10-09 10:29:51,828 web_auto_test INFO basepage.py-102 line：With Login_input_username, Finding element ('name', 'username').
2022-10-09 10:29:51,872 web_auto_test INFO basepage.py-151 line：With Login_input_username, send text aaaaaaaaaaaaaaaaaaaaaaaaaaaaaa to ('name', 'username').
2022-10-09 10:29:52,039 web_auto_test INFO basepage.py-44 line：With Login_input_password, Waiting for element ('name', 'password') visible.
2022-10-09 10:29:52,063 web_auto_test INFO basepage.py-57 line：Spent 0.024 seconds, on waiting.
2022-10-09 10:29:52,064 web_auto_test INFO basepage.py-102 line：With Login_input_password, Finding element ('name', 'password').
2022-10-09 10:29:52,073 web_auto_test INFO basepage.py-151 line：With Login_input_password, send text qqqqqqqq to ('name', 'password').
2022-10-09 10:29:52,175 web_auto_test INFO basepage.py-44 line：With Login_click_submit, Waiting for element ('class name', 'input_submit') visible.
2022-10-09 10:29:52,196 web_auto_test INFO basepage.py-57 line：Spent 0.020 seconds, on waiting.
2022-10-09 10:29:52,196 web_auto_test INFO basepage.py-102 line：With Login_click_submit, Finding element ('class name', 'input_submit').
2022-10-09 10:29:52,204 web_auto_test INFO basepage.py-127 line：With Login_click_submit, Click element ('class name', 'input_submit').
2022-10-09 10:29:52,440 web_auto_test INFO basepage.py-69 line：With Login_Get_error_msg, Waiting for page contains element ('xpath', '//div[@id="error_info"]').
2022-10-09 10:29:52,453 web_auto_test INFO basepage.py-82 line：Spent 0.013 seconds, on waiting.
2022-10-09 10:29:52,453 web_auto_test INFO basepage.py-102 line：With Login_Get_error_msg, Finding element ('xpath', '//div[@id="error_info"]').
2022-10-09 10:29:52,463 web_auto_test INFO basepage.py-174 line：With Login_Get_error_msg, Get element ('xpath', '//div[@id="error_info"]') text.
2022-10-09 10:29:52,480 web_auto_test INFO basepage.py-185 line：Text value：用户名不符合规则
2022-10-09 10:29:52,486 web_auto_test INFO conftest.py-33 line：======== function fixture, goto login page =======
2022-10-09 10:29:52,552 web_auto_test INFO basepage.py-44 line：With Login_input_username, Waiting for element ('name', 'username') visible.
2022-10-09 10:29:52,575 web_auto_test INFO basepage.py-57 line：Spent 0.023 seconds, on waiting.
2022-10-09 10:29:52,576 web_auto_test INFO basepage.py-102 line：With Login_input_username, Finding element ('name', 'username').
2022-10-09 10:29:52,583 web_auto_test INFO basepage.py-151 line：With Login_input_username, send text aaaaaa to ('name', 'username').
2022-10-09 10:29:52,680 web_auto_test INFO basepage.py-44 line：With Login_input_password, Waiting for element ('name', 'password') visible.
2022-10-09 10:29:52,706 web_auto_test INFO basepage.py-57 line：Spent 0.026 seconds, on waiting.
2022-10-09 10:29:52,707 web_auto_test INFO basepage.py-102 line：With Login_input_password, Finding element ('name', 'password').
2022-10-09 10:29:52,718 web_auto_test INFO basepage.py-151 line：With Login_input_password, send text  to ('name', 'password').
2022-10-09 10:29:52,823 web_auto_test INFO basepage.py-44 line：With Login_click_submit, Waiting for element ('class name', 'input_submit') visible.
2022-10-09 10:29:52,848 web_auto_test INFO basepage.py-57 line：Spent 0.025 seconds, on waiting.
2022-10-09 10:29:52,849 web_auto_test INFO basepage.py-102 line：With Login_click_submit, Finding element ('class name', 'input_submit').
2022-10-09 10:29:52,861 web_auto_test INFO basepage.py-127 line：With Login_click_submit, Click element ('class name', 'input_submit').
2022-10-09 10:29:53,055 web_auto_test INFO basepage.py-69 line：With Login_Get_error_msg, Waiting for page contains element ('xpath', '//div[@id="error_info"]').
2022-10-09 10:29:53,074 web_auto_test INFO basepage.py-82 line：Spent 0.018 seconds, on waiting.
2022-10-09 10:29:53,074 web_auto_test INFO basepage.py-102 line：With Login_Get_error_msg, Finding element ('xpath', '//div[@id="error_info"]').
2022-10-09 10:29:53,089 web_auto_test INFO basepage.py-174 line：With Login_Get_error_msg, Get element ('xpath', '//div[@id="error_info"]') text.
2022-10-09 10:29:53,112 web_auto_test INFO basepage.py-185 line：Text value：缺少用户名或密码
2022-10-09 10:29:53,119 web_auto_test INFO conftest.py-33 line：======== function fixture, goto login page =======
2022-10-09 10:29:53,182 web_auto_test INFO basepage.py-44 line：With Login_input_username, Waiting for element ('name', 'username') visible.
2022-10-09 10:29:53,208 web_auto_test INFO basepage.py-57 line：Spent 0.025 seconds, on waiting.
2022-10-09 10:29:53,208 web_auto_test INFO basepage.py-102 line：With Login_input_username, Finding element ('name', 'username').
2022-10-09 10:29:53,218 web_auto_test INFO basepage.py-151 line：With Login_input_username, send text aaaaaa to ('name', 'username').
2022-10-09 10:29:53,311 web_auto_test INFO basepage.py-44 line：With Login_input_password, Waiting for element ('name', 'password') visible.
2022-10-09 10:29:53,330 web_auto_test INFO basepage.py-57 line：Spent 0.019 seconds, on waiting.
2022-10-09 10:29:53,331 web_auto_test INFO basepage.py-102 line：With Login_input_password, Finding element ('name', 'password').
2022-10-09 10:29:53,340 web_auto_test INFO basepage.py-151 line：With Login_input_password, send text aaaaaaaa to ('name', 'password').
2022-10-09 10:29:53,448 web_auto_test INFO basepage.py-44 line：With Login_click_submit, Waiting for element ('class name', 'input_submit') visible.
2022-10-09 10:29:53,473 web_auto_test INFO basepage.py-57 line：Spent 0.025 seconds, on waiting.
2022-10-09 10:29:53,473 web_auto_test INFO basepage.py-102 line：With Login_click_submit, Finding element ('class name', 'input_submit').
2022-10-09 10:29:53,483 web_auto_test INFO basepage.py-127 line：With Login_click_submit, Click element ('class name', 'input_submit').
2022-10-09 10:29:54,048 web_auto_test INFO basepage.py-69 line：With Login_Get_error_msg, Waiting for page contains element ('xpath', '//div[@id="error_info"]').
2022-10-09 10:29:54,069 web_auto_test INFO basepage.py-82 line：Spent 0.021 seconds, on waiting.
2022-10-09 10:29:54,070 web_auto_test INFO basepage.py-102 line：With Login_Get_error_msg, Finding element ('xpath', '//div[@id="error_info"]').
2022-10-09 10:29:54,082 web_auto_test INFO basepage.py-174 line：With Login_Get_error_msg, Get element ('xpath', '//div[@id="error_info"]') text.
2022-10-09 10:29:54,105 web_auto_test INFO basepage.py-185 line：Text value：用户名或密码错误
2022-10-09 10:29:54,109 web_auto_test INFO conftest.py-27 line：======== class fixture, close browser =======
2022-10-09 20:56:26,489 web_auto_test INFO test_cart.py-44 line：======== test =======
2022-10-09 20:56:26,496 web_auto_test INFO basepage.py-35 line：Open browser with http://www.alex-info.ca:8000/, Waiting for page loading.
2022-10-09 20:56:28,535 web_auto_test INFO basepage.py-48 line：With Homepage_Product-list-level1, Waiting for element ('xpath', '//div[@class="level1"]') visible.
2022-10-09 20:56:28,965 web_auto_test INFO basepage.py-61 line：Spent 0.431 seconds, on waiting.
2022-10-09 20:56:28,966 web_auto_test INFO basepage.py-106 line：With Homepage_Product-list-level1, Finding element ('xpath', '//div[@class="level1"]').
2022-10-09 20:56:29,486 web_auto_test INFO basepage.py-48 line：With Homepage_Click-to-product-list, Waiting for element ('xpath', '//div[@class="group_detail fl"]/a') visible.
2022-10-09 20:56:29,886 web_auto_test INFO basepage.py-61 line：Spent 0.400 seconds, on waiting.
2022-10-09 20:56:29,886 web_auto_test INFO basepage.py-106 line：With Homepage_Click-to-product-list, Finding element ('xpath', '//div[@class="group_detail fl"]/a').
2022-10-09 20:56:30,327 web_auto_test INFO basepage.py-131 line：With Homepage_Click-to-product-list, Click element ('xpath', '//div[@class="group_detail fl"]/a').
2022-10-09 20:56:31,428 web_auto_test INFO basepage.py-48 line：With ProductListPage_Click-to-detail, Waiting for element ('xpath', '//div[@class="r_wrap fr clearfix"]//h4') visible.
2022-10-09 20:56:31,789 web_auto_test INFO basepage.py-61 line：Spent 0.362 seconds, on waiting.
2022-10-09 20:56:31,789 web_auto_test INFO basepage.py-106 line：With ProductListPage_Click-to-detail, Finding element ('xpath', '//div[@class="r_wrap fr clearfix"]//h4').
2022-10-09 20:56:31,905 web_auto_test INFO basepage.py-131 line：With ProductListPage_Click-to-detail, Click element ('xpath', '//div[@class="r_wrap fr clearfix"]//h4').
2022-10-09 20:56:33,048 web_auto_test INFO basepage.py-48 line：With ProductDetailPage_Click-to-add-cart, Waiting for element ('id', 'add_cart') visible.
2022-10-09 20:56:33,410 web_auto_test INFO basepage.py-61 line：Spent 0.361 seconds, on waiting.
2022-10-09 20:56:33,411 web_auto_test INFO basepage.py-106 line：With ProductDetailPage_Click-to-add-cart, Finding element ('id', 'add_cart').
2022-10-09 20:56:33,509 web_auto_test INFO basepage.py-131 line：With ProductDetailPage_Click-to-add-cart, Click element ('id', 'add_cart').
2022-10-09 20:56:34,900 web_auto_test INFO basepage.py-73 line：With ProductDetailPage_Get-product-name, Waiting for page contains element ('xpath', '//div[@class="goods_detail_list fr"]/h3').
2022-10-09 20:56:35,030 web_auto_test INFO basepage.py-86 line：Spent 0.130 seconds, on waiting.
2022-10-09 20:56:35,030 web_auto_test INFO basepage.py-106 line：With ProductDetailPage_Get-product-name, Finding element ('xpath', '//div[@class="goods_detail_list fr"]/h3').
2022-10-09 20:56:35,140 web_auto_test INFO basepage.py-178 line：With ProductDetailPage_Get-product-name, Get element ('xpath', '//div[@class="goods_detail_list fr"]/h3') text.
2022-10-09 20:56:35,260 web_auto_test INFO basepage.py-189 line：Text value：Apple iPhone 8 Plus (A1864) 64GB 金色 移动联通电信4G手机
2022-10-09 20:56:35,260 web_auto_test INFO test_cart.py-53 line：Product name in detail page is: Apple iPhone 8 Plus (A1864) 64GB 金色 移动联通电信4G手机
2022-10-09 20:56:35,260 web_auto_test INFO basepage.py-48 line：With ProductDetailPage_Click-to-cart-detail, Waiting for element ('xpath', '//a[@class="cart_name fl"]') visible.
2022-10-09 20:56:35,581 web_auto_test INFO basepage.py-61 line：Spent 0.320 seconds, on waiting.
2022-10-09 20:56:35,582 web_auto_test INFO basepage.py-106 line：With ProductDetailPage_Click-to-cart-detail, Finding element ('xpath', '//a[@class="cart_name fl"]').
2022-10-09 20:56:35,681 web_auto_test INFO basepage.py-131 line：With ProductDetailPage_Click-to-cart-detail, Click element ('xpath', '//a[@class="cart_name fl"]').
2022-10-09 20:56:35,991 web_auto_test INFO basepage.py-73 line：With CartDetailPage_Get-product-name, Waiting for page contains element ('xpath', '//ul[@class="cart_list_td clearfix"]//li[@class="col03"]').
2022-10-09 20:56:36,102 web_auto_test INFO basepage.py-86 line：Spent 0.111 seconds, on waiting.
2022-10-09 20:56:36,103 web_auto_test INFO basepage.py-106 line：With CartDetailPage_Get-product-name, Finding element ('xpath', '//ul[@class="cart_list_td clearfix"]//li[@class="col03"]').
2022-10-09 20:56:36,212 web_auto_test INFO basepage.py-178 line：With CartDetailPage_Get-product-name, Get element ('xpath', '//ul[@class="cart_list_td clearfix"]//li[@class="col03"]') text.
2022-10-09 20:56:36,322 web_auto_test INFO basepage.py-189 line：Text value：Apple iPhone 8 Plus (A1864) 64GB 金色 移动联通电信4G手机
2022-10-09 20:56:36,323 web_auto_test INFO basepage.py-48 line：With CartPage_Delete-product-item, Waiting for element ('xpath', '//li[@class="col08"]/a') visible.
2022-10-09 20:56:36,674 web_auto_test INFO basepage.py-61 line：Spent 0.351 seconds, on waiting.
2022-10-09 20:56:36,674 web_auto_test INFO basepage.py-106 line：With CartPage_Delete-product-item, Finding element ('xpath', '//li[@class="col08"]/a').
2022-10-09 20:56:36,782 web_auto_test INFO basepage.py-131 line：With CartPage_Delete-product-item, Click element ('xpath', '//li[@class="col08"]/a').
2022-10-09 20:56:36,913 web_auto_test INFO test_cart.py-59 line：Product name in cart page is: Apple iPhone 8 Plus (A1864) 64GB 金色 移动联通电信4G手机
2022-10-09 21:00:33,862 web_auto_test INFO test_cart.py-44 line：======== test =======
2022-10-09 21:00:33,866 web_auto_test INFO basepage.py-35 line：Open browser with http://www.alex-info.ca:8000/, Waiting for page loading.
2022-10-09 21:00:35,916 web_auto_test INFO basepage.py-48 line：With Homepage_Product-list-level1, Waiting for element ('xpath', '//div[@class="level1"]') visible.
2022-10-09 21:00:36,346 web_auto_test INFO basepage.py-61 line：Spent 0.428 seconds, on waiting.
2022-10-09 21:00:36,346 web_auto_test INFO basepage.py-106 line：With Homepage_Product-list-level1, Finding element ('xpath', '//div[@class="level1"]').
2022-10-09 21:00:36,862 web_auto_test INFO basepage.py-48 line：With Homepage_Click-to-product-list, Waiting for element ('xpath', '//div[@class="group_detail fl"]/a') visible.
2022-10-09 21:00:37,235 web_auto_test INFO basepage.py-61 line：Spent 0.373 seconds, on waiting.
2022-10-09 21:00:37,236 web_auto_test INFO basepage.py-106 line：With Homepage_Click-to-product-list, Finding element ('xpath', '//div[@class="group_detail fl"]/a').
2022-10-09 21:00:37,338 web_auto_test INFO basepage.py-131 line：With Homepage_Click-to-product-list, Click element ('xpath', '//div[@class="group_detail fl"]/a').
2022-10-09 21:00:38,428 web_auto_test INFO basepage.py-48 line：With ProductListPage_Click-to-detail, Waiting for element ('xpath', '//div[@class="r_wrap fr clearfix"]//h4') visible.
2022-10-09 21:00:38,758 web_auto_test INFO basepage.py-61 line：Spent 0.330 seconds, on waiting.
2022-10-09 21:00:38,759 web_auto_test INFO basepage.py-106 line：With ProductListPage_Click-to-detail, Finding element ('xpath', '//div[@class="r_wrap fr clearfix"]//h4').
2022-10-09 21:00:38,858 web_auto_test INFO basepage.py-131 line：With ProductListPage_Click-to-detail, Click element ('xpath', '//div[@class="r_wrap fr clearfix"]//h4').
2022-10-09 21:00:40,029 web_auto_test INFO basepage.py-48 line：With ProductDetailPage_Click-to-add-cart, Waiting for element ('id', 'add_cart') visible.
2022-10-09 21:00:40,381 web_auto_test INFO basepage.py-61 line：Spent 0.353 seconds, on waiting.
2022-10-09 21:00:40,382 web_auto_test INFO basepage.py-106 line：With ProductDetailPage_Click-to-add-cart, Finding element ('id', 'add_cart').
2022-10-09 21:00:40,489 web_auto_test INFO basepage.py-131 line：With ProductDetailPage_Click-to-add-cart, Click element ('id', 'add_cart').
2022-10-09 21:00:41,830 web_auto_test INFO basepage.py-73 line：With ProductDetailPage_Get-product-name, Waiting for page contains element ('xpath', '//div[@class="goods_detail_list fr"]/h3').
2022-10-09 21:00:41,980 web_auto_test INFO basepage.py-86 line：Spent 0.148 seconds, on waiting.
2022-10-09 21:00:41,981 web_auto_test INFO basepage.py-106 line：With ProductDetailPage_Get-product-name, Finding element ('xpath', '//div[@class="goods_detail_list fr"]/h3').
2022-10-09 21:00:42,090 web_auto_test INFO basepage.py-178 line：With ProductDetailPage_Get-product-name, Get element ('xpath', '//div[@class="goods_detail_list fr"]/h3') text.
2022-10-09 21:00:42,241 web_auto_test INFO basepage.py-189 line：Text value：Apple iPhone 8 Plus (A1864) 64GB 金色 移动联通电信4G手机
2022-10-09 21:00:42,241 web_auto_test INFO test_cart.py-53 line：Product name in detail page is: Apple iPhone 8 Plus (A1864) 64GB 金色 移动联通电信4G手机
2022-10-09 21:00:42,241 web_auto_test INFO basepage.py-48 line：With ProductDetailPage_Click-to-cart-detail, Waiting for element ('xpath', '//a[@class="cart_name fl"]') visible.
2022-10-09 21:00:42,571 web_auto_test INFO basepage.py-61 line：Spent 0.330 seconds, on waiting.
2022-10-09 21:00:42,571 web_auto_test INFO basepage.py-106 line：With ProductDetailPage_Click-to-cart-detail, Finding element ('xpath', '//a[@class="cart_name fl"]').
2022-10-09 21:00:42,671 web_auto_test INFO basepage.py-131 line：With ProductDetailPage_Click-to-cart-detail, Click element ('xpath', '//a[@class="cart_name fl"]').
2022-10-09 21:00:42,965 web_auto_test INFO basepage.py-73 line：With CartDetailPage_Get-product-name, Waiting for page contains element ('xpath', '//ul[@class="cart_list_td clearfix"]//li[@class="col03"]').
2022-10-09 21:00:43,102 web_auto_test INFO basepage.py-86 line：Spent 0.137 seconds, on waiting.
2022-10-09 21:00:43,102 web_auto_test INFO basepage.py-106 line：With CartDetailPage_Get-product-name, Finding element ('xpath', '//ul[@class="cart_list_td clearfix"]//li[@class="col03"]').
2022-10-09 21:00:43,212 web_auto_test INFO basepage.py-178 line：With CartDetailPage_Get-product-name, Get element ('xpath', '//ul[@class="cart_list_td clearfix"]//li[@class="col03"]') text.
2022-10-09 21:00:43,352 web_auto_test INFO basepage.py-189 line：Text value：Apple iPhone 8 Plus (A1864) 64GB 金色 移动联通电信4G手机
2022-10-09 21:00:43,354 web_auto_test INFO basepage.py-48 line：With CartPage_Delete-product-item, Waiting for element ('xpath', '//li[@class="col08"]/a') visible.
2022-10-09 21:00:43,672 web_auto_test INFO basepage.py-61 line：Spent 0.315 seconds, on waiting.
2022-10-09 21:00:43,678 web_auto_test INFO basepage.py-106 line：With CartPage_Delete-product-item, Finding element ('xpath', '//li[@class="col08"]/a').
2022-10-09 21:00:43,783 web_auto_test INFO basepage.py-131 line：With CartPage_Delete-product-item, Click element ('xpath', '//li[@class="col08"]/a').
2022-10-09 21:00:43,922 web_auto_test INFO test_cart.py-59 line：Product name in cart page is: Apple iPhone 8 Plus (A1864) 64GB 金色 移动联通电信4G手机
2022-10-09 21:00:45,321 web_auto_test INFO conftest.py-23 line：======== class fixture, open browser, goto login page =======
2022-10-09 21:01:04,932 web_auto_test INFO conftest.py-34 line：======== function fixture, goto login page =======
2022-10-09 21:01:05,062 web_auto_test INFO basepage.py-48 line：With Login_input_username, Waiting for element ('name', 'username') visible.
2022-10-09 21:01:05,126 web_auto_test INFO basepage.py-61 line：Spent 0.064 seconds, on waiting.
2022-10-09 21:01:05,126 web_auto_test INFO basepage.py-106 line：With Login_input_username, Finding element ('name', 'username').
2022-10-09 21:01:05,135 web_auto_test INFO basepage.py-155 line：With Login_input_username, send text aaaaaa to ('name', 'username').
2022-10-09 21:01:05,316 web_auto_test INFO basepage.py-48 line：With Login_input_password, Waiting for element ('name', 'password') visible.
2022-10-09 21:01:05,349 web_auto_test INFO basepage.py-61 line：Spent 0.033 seconds, on waiting.
2022-10-09 21:01:05,349 web_auto_test INFO basepage.py-106 line：With Login_input_password, Finding element ('name', 'password').
2022-10-09 21:01:05,358 web_auto_test INFO basepage.py-155 line：With Login_input_password, send text qqqqqqqq to ('name', 'password').
2022-10-09 21:01:05,486 web_auto_test INFO basepage.py-48 line：With Login_click_submit, Waiting for element ('class name', 'input_submit') visible.
2022-10-09 21:01:05,521 web_auto_test INFO basepage.py-61 line：Spent 0.035 seconds, on waiting.
2022-10-09 21:01:05,521 web_auto_test INFO basepage.py-106 line：With Login_click_submit, Finding element ('class name', 'input_submit').
2022-10-09 21:01:05,532 web_auto_test INFO basepage.py-131 line：With Login_click_submit, Click element ('class name', 'input_submit').
2022-10-09 21:01:07,452 web_auto_test INFO basepage.py-48 line：With Homepage_Check_exist_button, Waiting for element ('xpath', '//a[@class="quit"]') visible.
2022-10-09 21:01:07,509 web_auto_test INFO basepage.py-61 line：Spent 0.057 seconds, on waiting.
2022-10-09 21:01:07,569 web_auto_test INFO conftest.py-34 line：======== function fixture, goto login page =======
2022-10-09 21:01:07,711 web_auto_test INFO basepage.py-48 line：With Login_input_username, Waiting for element ('name', 'username') visible.
2022-10-09 21:01:07,747 web_auto_test INFO basepage.py-61 line：Spent 0.036 seconds, on waiting.
2022-10-09 21:01:07,747 web_auto_test INFO basepage.py-106 line：With Login_input_username, Finding element ('name', 'username').
2022-10-09 21:01:07,756 web_auto_test INFO basepage.py-155 line：With Login_input_username, send text  to ('name', 'username').
2022-10-09 21:01:07,849 web_auto_test INFO basepage.py-48 line：With Login_input_password, Waiting for element ('name', 'password') visible.
2022-10-09 21:01:07,874 web_auto_test INFO basepage.py-61 line：Spent 0.025 seconds, on waiting.
2022-10-09 21:01:07,874 web_auto_test INFO basepage.py-106 line：With Login_input_password, Finding element ('name', 'password').
2022-10-09 21:01:07,883 web_auto_test INFO basepage.py-155 line：With Login_input_password, send text qqqqqqqq to ('name', 'password').
2022-10-09 21:01:08,003 web_auto_test INFO basepage.py-48 line：With Login_click_submit, Waiting for element ('class name', 'input_submit') visible.
2022-10-09 21:01:08,025 web_auto_test INFO basepage.py-61 line：Spent 0.021 seconds, on waiting.
2022-10-09 21:01:08,026 web_auto_test INFO basepage.py-106 line：With Login_click_submit, Finding element ('class name', 'input_submit').
2022-10-09 21:01:08,034 web_auto_test INFO basepage.py-131 line：With Login_click_submit, Click element ('class name', 'input_submit').
2022-10-09 21:01:08,203 web_auto_test INFO basepage.py-73 line：With Login_Get_error_msg, Waiting for page contains element ('xpath', '//div[@id="error_info"]').
2022-10-09 21:01:08,238 web_auto_test INFO basepage.py-86 line：Spent 0.035 seconds, on waiting.
2022-10-09 21:01:08,238 web_auto_test INFO basepage.py-106 line：With Login_Get_error_msg, Finding element ('xpath', '//div[@id="error_info"]').
2022-10-09 21:01:08,248 web_auto_test INFO basepage.py-178 line：With Login_Get_error_msg, Get element ('xpath', '//div[@id="error_info"]') text.
2022-10-09 21:01:08,322 web_auto_test INFO basepage.py-189 line：Text value：缺少用户名或密码
2022-10-09 21:01:08,329 web_auto_test INFO conftest.py-34 line：======== function fixture, goto login page =======
2022-10-09 21:01:08,491 web_auto_test INFO basepage.py-48 line：With Login_input_username, Waiting for element ('name', 'username') visible.
2022-10-09 21:01:08,686 web_auto_test INFO basepage.py-61 line：Spent 0.194 seconds, on waiting.
2022-10-09 21:01:08,686 web_auto_test INFO basepage.py-106 line：With Login_input_username, Finding element ('name', 'username').
2022-10-09 21:01:08,702 web_auto_test INFO basepage.py-155 line：With Login_input_username, send text aaa to ('name', 'username').
2022-10-09 21:01:08,932 web_auto_test INFO basepage.py-48 line：With Login_input_password, Waiting for element ('name', 'password') visible.
2022-10-09 21:01:08,964 web_auto_test INFO basepage.py-61 line：Spent 0.032 seconds, on waiting.
2022-10-09 21:01:08,964 web_auto_test INFO basepage.py-106 line：With Login_input_password, Finding element ('name', 'password').
2022-10-09 21:01:08,972 web_auto_test INFO basepage.py-155 line：With Login_input_password, send text qqqqqqqq to ('name', 'password').
2022-10-09 21:01:09,120 web_auto_test INFO basepage.py-48 line：With Login_click_submit, Waiting for element ('class name', 'input_submit') visible.
2022-10-09 21:01:09,163 web_auto_test INFO basepage.py-61 line：Spent 0.043 seconds, on waiting.
2022-10-09 21:01:09,163 web_auto_test INFO basepage.py-106 line：With Login_click_submit, Finding element ('class name', 'input_submit').
2022-10-09 21:01:09,175 web_auto_test INFO basepage.py-131 line：With Login_click_submit, Click element ('class name', 'input_submit').
2022-10-09 21:01:09,440 web_auto_test INFO basepage.py-73 line：With Login_Get_error_msg, Waiting for page contains element ('xpath', '//div[@id="error_info"]').
2022-10-09 21:01:09,454 web_auto_test INFO basepage.py-86 line：Spent 0.014 seconds, on waiting.
2022-10-09 21:01:09,455 web_auto_test INFO basepage.py-106 line：With Login_Get_error_msg, Finding element ('xpath', '//div[@id="error_info"]').
2022-10-09 21:01:09,469 web_auto_test INFO basepage.py-178 line：With Login_Get_error_msg, Get element ('xpath', '//div[@id="error_info"]') text.
2022-10-09 21:01:09,490 web_auto_test INFO basepage.py-189 line：Text value：用户名不符合规则
2022-10-09 21:01:09,496 web_auto_test INFO conftest.py-34 line：======== function fixture, goto login page =======
2022-10-09 21:01:09,553 web_auto_test INFO basepage.py-48 line：With Login_input_username, Waiting for element ('name', 'username') visible.
2022-10-09 21:01:09,584 web_auto_test INFO basepage.py-61 line：Spent 0.030 seconds, on waiting.
2022-10-09 21:01:09,585 web_auto_test INFO basepage.py-106 line：With Login_input_username, Finding element ('name', 'username').
2022-10-09 21:01:09,591 web_auto_test INFO basepage.py-155 line：With Login_input_username, send text aaaaaaaaaaaaaaaaaaaaaaaaaaaaaa to ('name', 'username').
2022-10-09 21:01:09,758 web_auto_test INFO basepage.py-48 line：With Login_input_password, Waiting for element ('name', 'password') visible.
2022-10-09 21:01:09,783 web_auto_test INFO basepage.py-61 line：Spent 0.024 seconds, on waiting.
2022-10-09 21:01:09,784 web_auto_test INFO basepage.py-106 line：With Login_input_password, Finding element ('name', 'password').
2022-10-09 21:01:09,792 web_auto_test INFO basepage.py-155 line：With Login_input_password, send text qqqqqqqq to ('name', 'password').
2022-10-09 21:01:09,908 web_auto_test INFO basepage.py-48 line：With Login_click_submit, Waiting for element ('class name', 'input_submit') visible.
2022-10-09 21:01:09,930 web_auto_test INFO basepage.py-61 line：Spent 0.021 seconds, on waiting.
2022-10-09 21:01:09,931 web_auto_test INFO basepage.py-106 line：With Login_click_submit, Finding element ('class name', 'input_submit').
2022-10-09 21:01:09,941 web_auto_test INFO basepage.py-131 line：With Login_click_submit, Click element ('class name', 'input_submit').
2022-10-09 21:01:10,089 web_auto_test INFO basepage.py-73 line：With Login_Get_error_msg, Waiting for page contains element ('xpath', '//div[@id="error_info"]').
2022-10-09 21:01:10,108 web_auto_test INFO basepage.py-86 line：Spent 0.019 seconds, on waiting.
2022-10-09 21:01:10,108 web_auto_test INFO basepage.py-106 line：With Login_Get_error_msg, Finding element ('xpath', '//div[@id="error_info"]').
2022-10-09 21:01:10,120 web_auto_test INFO basepage.py-178 line：With Login_Get_error_msg, Get element ('xpath', '//div[@id="error_info"]') text.
2022-10-09 21:01:10,139 web_auto_test INFO basepage.py-189 line：Text value：用户名不符合规则
2022-10-09 21:01:10,145 web_auto_test INFO conftest.py-34 line：======== function fixture, goto login page =======
2022-10-09 21:01:10,204 web_auto_test INFO basepage.py-48 line：With Login_input_username, Waiting for element ('name', 'username') visible.
2022-10-09 21:01:10,230 web_auto_test INFO basepage.py-61 line：Spent 0.026 seconds, on waiting.
2022-10-09 21:01:10,230 web_auto_test INFO basepage.py-106 line：With Login_input_username, Finding element ('name', 'username').
2022-10-09 21:01:10,238 web_auto_test INFO basepage.py-155 line：With Login_input_username, send text aaaaaa to ('name', 'username').
2022-10-09 21:01:10,343 web_auto_test INFO basepage.py-48 line：With Login_input_password, Waiting for element ('name', 'password') visible.
2022-10-09 21:01:10,364 web_auto_test INFO basepage.py-61 line：Spent 0.021 seconds, on waiting.
2022-10-09 21:01:10,364 web_auto_test INFO basepage.py-106 line：With Login_input_password, Finding element ('name', 'password').
2022-10-09 21:01:10,374 web_auto_test INFO basepage.py-155 line：With Login_input_password, send text  to ('name', 'password').
2022-10-09 21:01:10,449 web_auto_test INFO basepage.py-48 line：With Login_click_submit, Waiting for element ('class name', 'input_submit') visible.
2022-10-09 21:01:10,469 web_auto_test INFO basepage.py-61 line：Spent 0.020 seconds, on waiting.
2022-10-09 21:01:10,469 web_auto_test INFO basepage.py-106 line：With Login_click_submit, Finding element ('class name', 'input_submit').
2022-10-09 21:01:10,476 web_auto_test INFO basepage.py-131 line：With Login_click_submit, Click element ('class name', 'input_submit').
2022-10-09 21:01:10,605 web_auto_test INFO basepage.py-73 line：With Login_Get_error_msg, Waiting for page contains element ('xpath', '//div[@id="error_info"]').
2022-10-09 21:01:10,618 web_auto_test INFO basepage.py-86 line：Spent 0.013 seconds, on waiting.
2022-10-09 21:01:10,619 web_auto_test INFO basepage.py-106 line：With Login_Get_error_msg, Finding element ('xpath', '//div[@id="error_info"]').
2022-10-09 21:01:10,628 web_auto_test INFO basepage.py-178 line：With Login_Get_error_msg, Get element ('xpath', '//div[@id="error_info"]') text.
2022-10-09 21:01:10,646 web_auto_test INFO basepage.py-189 line：Text value：缺少用户名或密码
2022-10-09 21:01:10,654 web_auto_test INFO conftest.py-34 line：======== function fixture, goto login page =======
2022-10-09 21:01:10,739 web_auto_test INFO basepage.py-48 line：With Login_input_username, Waiting for element ('name', 'username') visible.
2022-10-09 21:01:10,769 web_auto_test INFO basepage.py-61 line：Spent 0.030 seconds, on waiting.
2022-10-09 21:01:10,770 web_auto_test INFO basepage.py-106 line：With Login_input_username, Finding element ('name', 'username').
2022-10-09 21:01:10,780 web_auto_test INFO basepage.py-155 line：With Login_input_username, send text aaaaaa to ('name', 'username').
2022-10-09 21:01:10,927 web_auto_test INFO basepage.py-48 line：With Login_input_password, Waiting for element ('name', 'password') visible.
2022-10-09 21:01:10,950 web_auto_test INFO basepage.py-61 line：Spent 0.023 seconds, on waiting.
2022-10-09 21:01:10,950 web_auto_test INFO basepage.py-106 line：With Login_input_password, Finding element ('name', 'password').
2022-10-09 21:01:10,957 web_auto_test INFO basepage.py-155 line：With Login_input_password, send text aaaaaaaa to ('name', 'password').
2022-10-09 21:01:11,058 web_auto_test INFO basepage.py-48 line：With Login_click_submit, Waiting for element ('class name', 'input_submit') visible.
2022-10-09 21:01:11,083 web_auto_test INFO basepage.py-61 line：Spent 0.025 seconds, on waiting.
2022-10-09 21:01:11,083 web_auto_test INFO basepage.py-106 line：With Login_click_submit, Finding element ('class name', 'input_submit').
2022-10-09 21:01:11,092 web_auto_test INFO basepage.py-131 line：With Login_click_submit, Click element ('class name', 'input_submit').
2022-10-09 21:01:11,810 web_auto_test INFO basepage.py-73 line：With Login_Get_error_msg, Waiting for page contains element ('xpath', '//div[@id="error_info"]').
2022-10-09 21:01:11,844 web_auto_test INFO basepage.py-86 line：Spent 0.034 seconds, on waiting.
2022-10-09 21:01:11,845 web_auto_test INFO basepage.py-106 line：With Login_Get_error_msg, Finding element ('xpath', '//div[@id="error_info"]').
2022-10-09 21:01:11,912 web_auto_test INFO basepage.py-178 line：With Login_Get_error_msg, Get element ('xpath', '//div[@id="error_info"]') text.
2022-10-09 21:01:11,974 web_auto_test INFO basepage.py-189 line：Text value：用户名或密码错误
2022-10-09 21:01:11,979 web_auto_test INFO conftest.py-28 line：======== class fixture, close browser =======
2022-10-09 21:12:27,281 web_auto_test INFO test_cart.py-44 line：======== test =======
2022-10-09 21:12:27,285 web_auto_test INFO basepage.py-35 line：Open browser with http://www.alex-info.ca:8000/, Waiting for page loading.
2022-10-09 21:12:29,229 web_auto_test INFO basepage.py-48 line：With Homepage_Product-list-level1, Waiting for element ('xpath', '//div[@class="level1"]') visible.
2022-10-09 21:12:29,610 web_auto_test INFO basepage.py-61 line：Spent 0.381 seconds, on waiting.
2022-10-09 21:12:29,612 web_auto_test INFO basepage.py-106 line：With Homepage_Product-list-level1, Finding element ('xpath', '//div[@class="level1"]').
2022-10-09 21:12:30,139 web_auto_test INFO basepage.py-48 line：With Homepage_Click-to-product-list, Waiting for element ('xpath', '//div[@class="group_detail fl"]/a') visible.
2022-10-09 21:12:30,481 web_auto_test INFO basepage.py-61 line：Spent 0.341 seconds, on waiting.
2022-10-09 21:12:30,482 web_auto_test INFO basepage.py-106 line：With Homepage_Click-to-product-list, Finding element ('xpath', '//div[@class="group_detail fl"]/a').
2022-10-09 21:12:30,612 web_auto_test INFO basepage.py-131 line：With Homepage_Click-to-product-list, Click element ('xpath', '//div[@class="group_detail fl"]/a').
2022-10-09 21:12:31,772 web_auto_test INFO basepage.py-48 line：With ProductListPage_Click-to-detail, Waiting for element ('xpath', '//div[@class="r_wrap fr clearfix"]//h4') visible.
2022-10-09 21:12:32,121 web_auto_test INFO basepage.py-61 line：Spent 0.349 seconds, on waiting.
2022-10-09 21:12:32,122 web_auto_test INFO basepage.py-106 line：With ProductListPage_Click-to-detail, Finding element ('xpath', '//div[@class="r_wrap fr clearfix"]//h4').
2022-10-09 21:12:32,252 web_auto_test INFO basepage.py-131 line：With ProductListPage_Click-to-detail, Click element ('xpath', '//div[@class="r_wrap fr clearfix"]//h4').
2022-10-09 21:12:33,464 web_auto_test INFO basepage.py-48 line：With ProductDetailPage_Click-to-add-cart, Waiting for element ('id', 'add_cart') visible.
2022-10-09 21:12:33,786 web_auto_test INFO basepage.py-61 line：Spent 0.320 seconds, on waiting.
2022-10-09 21:12:33,787 web_auto_test INFO basepage.py-106 line：With ProductDetailPage_Click-to-add-cart, Finding element ('id', 'add_cart').
2022-10-09 21:12:33,904 web_auto_test INFO basepage.py-131 line：With ProductDetailPage_Click-to-add-cart, Click element ('id', 'add_cart').
2022-10-09 21:12:35,257 web_auto_test INFO basepage.py-73 line：With ProductDetailPage_Get-product-name, Waiting for page contains element ('xpath', '//div[@class="goods_detail_list fr"]/h3').
2022-10-09 21:12:35,386 web_auto_test INFO basepage.py-86 line：Spent 0.129 seconds, on waiting.
2022-10-09 21:12:35,387 web_auto_test INFO basepage.py-106 line：With ProductDetailPage_Get-product-name, Finding element ('xpath', '//div[@class="goods_detail_list fr"]/h3').
2022-10-09 21:12:35,485 web_auto_test INFO basepage.py-178 line：With ProductDetailPage_Get-product-name, Get element ('xpath', '//div[@class="goods_detail_list fr"]/h3') text.
2022-10-09 21:12:35,596 web_auto_test INFO basepage.py-189 line：Text value：Apple iPhone 8 Plus (A1864) 64GB 金色 移动联通电信4G手机
2022-10-09 21:12:35,597 web_auto_test INFO test_cart.py-53 line：Product name in detail page is: Apple iPhone 8 Plus (A1864) 64GB 金色 移动联通电信4G手机
2022-10-09 21:12:35,597 web_auto_test INFO basepage.py-48 line：With ProductDetailPage_Click-to-cart-detail, Waiting for element ('xpath', '//a[@class="cart_name fl"]') visible.
2022-10-09 21:12:35,955 web_auto_test INFO basepage.py-61 line：Spent 0.356 seconds, on waiting.
2022-10-09 21:12:35,956 web_auto_test INFO basepage.py-106 line：With ProductDetailPage_Click-to-cart-detail, Finding element ('xpath', '//a[@class="cart_name fl"]').
2022-10-09 21:12:36,055 web_auto_test INFO basepage.py-131 line：With ProductDetailPage_Click-to-cart-detail, Click element ('xpath', '//a[@class="cart_name fl"]').
2022-10-09 21:12:36,385 web_auto_test INFO basepage.py-73 line：With CartDetailPage_Get-product-name, Waiting for page contains element ('xpath', '//ul[@class="cart_list_td clearfix"]//li[@class="col03"]').
2022-10-09 21:12:36,496 web_auto_test INFO basepage.py-86 line：Spent 0.109 seconds, on waiting.
2022-10-09 21:12:36,497 web_auto_test INFO basepage.py-106 line：With CartDetailPage_Get-product-name, Finding element ('xpath', '//ul[@class="cart_list_td clearfix"]//li[@class="col03"]').
2022-10-09 21:12:36,596 web_auto_test INFO basepage.py-178 line：With CartDetailPage_Get-product-name, Get element ('xpath', '//ul[@class="cart_list_td clearfix"]//li[@class="col03"]') text.
2022-10-09 21:12:36,716 web_auto_test INFO basepage.py-189 line：Text value：Apple iPhone 8 Plus (A1864) 64GB 金色 移动联通电信4G手机
2022-10-09 21:12:36,717 web_auto_test INFO basepage.py-48 line：With CartPage_Delete-product-item, Waiting for element ('xpath', '//li[@class="col08"]/a') visible.
2022-10-09 21:12:37,029 web_auto_test INFO basepage.py-61 line：Spent 0.311 seconds, on waiting.
2022-10-09 21:12:37,029 web_auto_test INFO basepage.py-106 line：With CartPage_Delete-product-item, Finding element ('xpath', '//li[@class="col08"]/a').
2022-10-09 21:12:37,137 web_auto_test INFO basepage.py-131 line：With CartPage_Delete-product-item, Click element ('xpath', '//li[@class="col08"]/a').
2022-10-09 21:12:37,268 web_auto_test INFO test_cart.py-59 line：Product name in cart page is: Apple iPhone 8 Plus (A1864) 64GB 金色 移动联通电信4G手机
2022-10-09 21:12:38,636 web_auto_test INFO conftest.py-23 line：======== class fixture, open browser, goto login page =======
2022-10-09 21:12:54,200 web_auto_test INFO conftest.py-34 line：======== function fixture, goto login page =======
2022-10-09 21:12:54,564 web_auto_test INFO basepage.py-48 line：With Login_input_username, Waiting for element ('name', 'username') visible.
2022-10-09 21:12:54,695 web_auto_test INFO basepage.py-61 line：Spent 0.131 seconds, on waiting.
2022-10-09 21:12:54,696 web_auto_test INFO basepage.py-106 line：With Login_input_username, Finding element ('name', 'username').
2022-10-09 21:12:54,710 web_auto_test INFO basepage.py-155 line：With Login_input_username, send text aaaaaa to ('name', 'username').
2022-10-09 21:12:54,901 web_auto_test INFO basepage.py-48 line：With Login_input_password, Waiting for element ('name', 'password') visible.
2022-10-09 21:12:54,953 web_auto_test INFO basepage.py-61 line：Spent 0.052 seconds, on waiting.
2022-10-09 21:12:54,953 web_auto_test INFO basepage.py-106 line：With Login_input_password, Finding element ('name', 'password').
2022-10-09 21:12:54,962 web_auto_test INFO basepage.py-155 line：With Login_input_password, send text qqqqqqqq to ('name', 'password').
2022-10-09 21:12:55,078 web_auto_test INFO basepage.py-48 line：With Login_click_submit, Waiting for element ('class name', 'input_submit') visible.
2022-10-09 21:12:55,112 web_auto_test INFO basepage.py-61 line：Spent 0.034 seconds, on waiting.
2022-10-09 21:12:55,112 web_auto_test INFO basepage.py-106 line：With Login_click_submit, Finding element ('class name', 'input_submit').
2022-10-09 21:12:55,124 web_auto_test INFO basepage.py-131 line：With Login_click_submit, Click element ('class name', 'input_submit').
2022-10-09 21:12:57,161 web_auto_test INFO basepage.py-48 line：With Homepage_Check_exist_button, Waiting for element ('xpath', '//a[@class="quit"]') visible.
2022-10-09 21:12:57,201 web_auto_test INFO basepage.py-61 line：Spent 0.039 seconds, on waiting.
2022-10-09 21:12:57,207 web_auto_test INFO conftest.py-34 line：======== function fixture, goto login page =======
2022-10-09 21:12:57,399 web_auto_test INFO basepage.py-48 line：With Login_input_username, Waiting for element ('name', 'username') visible.
2022-10-09 21:12:57,448 web_auto_test INFO basepage.py-61 line：Spent 0.048 seconds, on waiting.
2022-10-09 21:12:57,448 web_auto_test INFO basepage.py-106 line：With Login_input_username, Finding element ('name', 'username').
2022-10-09 21:12:57,457 web_auto_test INFO basepage.py-155 line：With Login_input_username, send text  to ('name', 'username').
2022-10-09 21:12:57,541 web_auto_test INFO basepage.py-48 line：With Login_input_password, Waiting for element ('name', 'password') visible.
2022-10-09 21:12:57,564 web_auto_test INFO basepage.py-61 line：Spent 0.023 seconds, on waiting.
2022-10-09 21:12:57,564 web_auto_test INFO basepage.py-106 line：With Login_input_password, Finding element ('name', 'password').
2022-10-09 21:12:57,576 web_auto_test INFO basepage.py-155 line：With Login_input_password, send text qqqqqqqq to ('name', 'password').
2022-10-09 21:12:57,662 web_auto_test INFO basepage.py-48 line：With Login_click_submit, Waiting for element ('class name', 'input_submit') visible.
2022-10-09 21:12:57,684 web_auto_test INFO basepage.py-61 line：Spent 0.022 seconds, on waiting.
2022-10-09 21:12:57,685 web_auto_test INFO basepage.py-106 line：With Login_click_submit, Finding element ('class name', 'input_submit').
2022-10-09 21:12:57,692 web_auto_test INFO basepage.py-131 line：With Login_click_submit, Click element ('class name', 'input_submit').
2022-10-09 21:12:57,923 web_auto_test INFO basepage.py-73 line：With Login_Get_error_msg, Waiting for page contains element ('xpath', '//div[@id="error_info"]').
2022-10-09 21:12:57,948 web_auto_test INFO basepage.py-86 line：Spent 0.025 seconds, on waiting.
2022-10-09 21:12:57,948 web_auto_test INFO basepage.py-106 line：With Login_Get_error_msg, Finding element ('xpath', '//div[@id="error_info"]').
2022-10-09 21:12:57,958 web_auto_test INFO basepage.py-178 line：With Login_Get_error_msg, Get element ('xpath', '//div[@id="error_info"]') text.
2022-10-09 21:12:57,997 web_auto_test INFO basepage.py-189 line：Text value：缺少用户名或密码
2022-10-09 21:12:57,999 web_auto_test INFO conftest.py-34 line：======== function fixture, goto login page =======
2022-10-09 21:12:58,063 web_auto_test INFO basepage.py-48 line：With Login_input_username, Waiting for element ('name', 'username') visible.
2022-10-09 21:12:58,093 web_auto_test INFO basepage.py-61 line：Spent 0.030 seconds, on waiting.
2022-10-09 21:12:58,093 web_auto_test INFO basepage.py-106 line：With Login_input_username, Finding element ('name', 'username').
2022-10-09 21:12:58,102 web_auto_test INFO basepage.py-155 line：With Login_input_username, send text aaa to ('name', 'username').
2022-10-09 21:12:58,192 web_auto_test INFO basepage.py-48 line：With Login_input_password, Waiting for element ('name', 'password') visible.
2022-10-09 21:12:58,218 web_auto_test INFO basepage.py-61 line：Spent 0.025 seconds, on waiting.
2022-10-09 21:12:58,219 web_auto_test INFO basepage.py-106 line：With Login_input_password, Finding element ('name', 'password').
2022-10-09 21:12:58,230 web_auto_test INFO basepage.py-155 line：With Login_input_password, send text qqqqqqqq to ('name', 'password').
2022-10-09 21:12:58,327 web_auto_test INFO basepage.py-48 line：With Login_click_submit, Waiting for element ('class name', 'input_submit') visible.
2022-10-09 21:12:58,354 web_auto_test INFO basepage.py-61 line：Spent 0.026 seconds, on waiting.
2022-10-09 21:12:58,354 web_auto_test INFO basepage.py-106 line：With Login_click_submit, Finding element ('class name', 'input_submit').
2022-10-09 21:12:58,363 web_auto_test INFO basepage.py-131 line：With Login_click_submit, Click element ('class name', 'input_submit').
2022-10-09 21:12:58,505 web_auto_test INFO basepage.py-73 line：With Login_Get_error_msg, Waiting for page contains element ('xpath', '//div[@id="error_info"]').
2022-10-09 21:12:58,521 web_auto_test INFO basepage.py-86 line：Spent 0.015 seconds, on waiting.
2022-10-09 21:12:58,522 web_auto_test INFO basepage.py-106 line：With Login_Get_error_msg, Finding element ('xpath', '//div[@id="error_info"]').
2022-10-09 21:12:58,533 web_auto_test INFO basepage.py-178 line：With Login_Get_error_msg, Get element ('xpath', '//div[@id="error_info"]') text.
2022-10-09 21:12:58,547 web_auto_test INFO basepage.py-189 line：Text value：用户名不符合规则
2022-10-09 21:12:58,552 web_auto_test INFO conftest.py-34 line：======== function fixture, goto login page =======
2022-10-09 21:12:58,608 web_auto_test INFO basepage.py-48 line：With Login_input_username, Waiting for element ('name', 'username') visible.
2022-10-09 21:12:58,635 web_auto_test INFO basepage.py-61 line：Spent 0.020 seconds, on waiting.
2022-10-09 21:12:58,635 web_auto_test INFO basepage.py-106 line：With Login_input_username, Finding element ('name', 'username').
2022-10-09 21:12:58,642 web_auto_test INFO basepage.py-155 line：With Login_input_username, send text aaaaaaaaaaaaaaaaaaaaaaaaaaaaaa to ('name', 'username').
2022-10-09 21:12:58,743 web_auto_test INFO basepage.py-48 line：With Login_input_password, Waiting for element ('name', 'password') visible.
2022-10-09 21:12:58,761 web_auto_test INFO basepage.py-61 line：Spent 0.018 seconds, on waiting.
2022-10-09 21:12:58,762 web_auto_test INFO basepage.py-106 line：With Login_input_password, Finding element ('name', 'password').
2022-10-09 21:12:58,769 web_auto_test INFO basepage.py-155 line：With Login_input_password, send text qqqqqqqq to ('name', 'password').
2022-10-09 21:12:58,852 web_auto_test INFO basepage.py-48 line：With Login_click_submit, Waiting for element ('class name', 'input_submit') visible.
2022-10-09 21:12:58,875 web_auto_test INFO basepage.py-61 line：Spent 0.022 seconds, on waiting.
2022-10-09 21:12:58,875 web_auto_test INFO basepage.py-106 line：With Login_click_submit, Finding element ('class name', 'input_submit').
2022-10-09 21:12:58,884 web_auto_test INFO basepage.py-131 line：With Login_click_submit, Click element ('class name', 'input_submit').
2022-10-09 21:12:59,020 web_auto_test INFO basepage.py-73 line：With Login_Get_error_msg, Waiting for page contains element ('xpath', '//div[@id="error_info"]').
2022-10-09 21:12:59,034 web_auto_test INFO basepage.py-86 line：Spent 0.014 seconds, on waiting.
2022-10-09 21:12:59,034 web_auto_test INFO basepage.py-106 line：With Login_Get_error_msg, Finding element ('xpath', '//div[@id="error_info"]').
2022-10-09 21:12:59,044 web_auto_test INFO basepage.py-178 line：With Login_Get_error_msg, Get element ('xpath', '//div[@id="error_info"]') text.
2022-10-09 21:12:59,060 web_auto_test INFO basepage.py-189 line：Text value：用户名不符合规则
2022-10-09 21:12:59,062 web_auto_test INFO conftest.py-34 line：======== function fixture, goto login page =======
2022-10-09 21:12:59,116 web_auto_test INFO basepage.py-48 line：With Login_input_username, Waiting for element ('name', 'username') visible.
2022-10-09 21:12:59,143 web_auto_test INFO basepage.py-61 line：Spent 0.027 seconds, on waiting.
2022-10-09 21:12:59,144 web_auto_test INFO basepage.py-106 line：With Login_input_username, Finding element ('name', 'username').
2022-10-09 21:12:59,152 web_auto_test INFO basepage.py-155 line：With Login_input_username, send text aaaaaa to ('name', 'username').
2022-10-09 21:12:59,227 web_auto_test INFO basepage.py-48 line：With Login_input_password, Waiting for element ('name', 'password') visible.
2022-10-09 21:12:59,247 web_auto_test INFO basepage.py-61 line：Spent 0.019 seconds, on waiting.
2022-10-09 21:12:59,247 web_auto_test INFO basepage.py-106 line：With Login_input_password, Finding element ('name', 'password').
2022-10-09 21:12:59,256 web_auto_test INFO basepage.py-155 line：With Login_input_password, send text  to ('name', 'password').
2022-10-09 21:12:59,328 web_auto_test INFO basepage.py-48 line：With Login_click_submit, Waiting for element ('class name', 'input_submit') visible.
2022-10-09 21:12:59,348 web_auto_test INFO basepage.py-61 line：Spent 0.020 seconds, on waiting.
2022-10-09 21:12:59,348 web_auto_test INFO basepage.py-106 line：With Login_click_submit, Finding element ('class name', 'input_submit').
2022-10-09 21:12:59,355 web_auto_test INFO basepage.py-131 line：With Login_click_submit, Click element ('class name', 'input_submit').
2022-10-09 21:12:59,545 web_auto_test INFO basepage.py-73 line：With Login_Get_error_msg, Waiting for page contains element ('xpath', '//div[@id="error_info"]').
2022-10-09 21:12:59,562 web_auto_test INFO basepage.py-86 line：Spent 0.017 seconds, on waiting.
2022-10-09 21:12:59,562 web_auto_test INFO basepage.py-106 line：With Login_Get_error_msg, Finding element ('xpath', '//div[@id="error_info"]').
2022-10-09 21:12:59,569 web_auto_test INFO basepage.py-178 line：With Login_Get_error_msg, Get element ('xpath', '//div[@id="error_info"]') text.
2022-10-09 21:12:59,584 web_auto_test INFO basepage.py-189 line：Text value：缺少用户名或密码
2022-10-09 21:12:59,587 web_auto_test INFO conftest.py-34 line：======== function fixture, goto login page =======
2022-10-09 21:12:59,637 web_auto_test INFO basepage.py-48 line：With Login_input_username, Waiting for element ('name', 'username') visible.
2022-10-09 21:12:59,660 web_auto_test INFO basepage.py-61 line：Spent 0.022 seconds, on waiting.
2022-10-09 21:12:59,661 web_auto_test INFO basepage.py-106 line：With Login_input_username, Finding element ('name', 'username').
2022-10-09 21:12:59,668 web_auto_test INFO basepage.py-155 line：With Login_input_username, send text aaaaaa to ('name', 'username').
2022-10-09 21:12:59,745 web_auto_test INFO basepage.py-48 line：With Login_input_password, Waiting for element ('name', 'password') visible.
2022-10-09 21:12:59,765 web_auto_test INFO basepage.py-61 line：Spent 0.020 seconds, on waiting.
2022-10-09 21:12:59,765 web_auto_test INFO basepage.py-106 line：With Login_input_password, Finding element ('name', 'password').
2022-10-09 21:12:59,772 web_auto_test INFO basepage.py-155 line：With Login_input_password, send text aaaaaaaa to ('name', 'password').
2022-10-09 21:12:59,856 web_auto_test INFO basepage.py-48 line：With Login_click_submit, Waiting for element ('class name', 'input_submit') visible.
2022-10-09 21:12:59,877 web_auto_test INFO basepage.py-61 line：Spent 0.021 seconds, on waiting.
2022-10-09 21:12:59,877 web_auto_test INFO basepage.py-106 line：With Login_click_submit, Finding element ('class name', 'input_submit').
2022-10-09 21:12:59,885 web_auto_test INFO basepage.py-131 line：With Login_click_submit, Click element ('class name', 'input_submit').
2022-10-09 21:13:00,421 web_auto_test INFO basepage.py-73 line：With Login_Get_error_msg, Waiting for page contains element ('xpath', '//div[@id="error_info"]').
2022-10-09 21:13:00,437 web_auto_test INFO basepage.py-86 line：Spent 0.016 seconds, on waiting.
2022-10-09 21:13:00,437 web_auto_test INFO basepage.py-106 line：With Login_Get_error_msg, Finding element ('xpath', '//div[@id="error_info"]').
2022-10-09 21:13:00,445 web_auto_test INFO basepage.py-178 line：With Login_Get_error_msg, Get element ('xpath', '//div[@id="error_info"]') text.
2022-10-09 21:13:00,462 web_auto_test INFO basepage.py-189 line：Text value：用户名或密码错误
2022-10-09 21:13:00,463 web_auto_test INFO conftest.py-28 line：======== class fixture, close browser =======
2022-10-16 22:06:56,215 web_auto_test INFO conftest.py-22 line：======== class fixture, open browser, goto login page =======
2022-10-16 22:07:08,874 web_auto_test INFO conftest.py-33 line：======== function fixture, goto login page =======
2022-10-16 22:07:08,997 web_auto_test INFO basepage.py-48 line：With Login_input_username, Waiting for element ('name', 'username') visible.
2022-10-16 22:07:09,039 web_auto_test INFO basepage.py-61 line：Spent 0.042 seconds, on waiting.
2022-10-16 22:07:09,039 web_auto_test INFO basepage.py-106 line：With Login_input_username, Finding element ('name', 'username').
2022-10-16 22:07:09,047 web_auto_test INFO basepage.py-155 line：With Login_input_username, send text aaaaaa to ('name', 'username').
2022-10-16 22:07:09,146 web_auto_test INFO basepage.py-48 line：With Login_input_password, Waiting for element ('name', 'password') visible.
2022-10-16 22:07:09,183 web_auto_test INFO basepage.py-61 line：Spent 0.037 seconds, on waiting.
2022-10-16 22:07:09,184 web_auto_test INFO basepage.py-106 line：With Login_input_password, Finding element ('name', 'password').
2022-10-16 22:07:09,195 web_auto_test INFO basepage.py-155 line：With Login_input_password, send text qqqqqqqq to ('name', 'password').
2022-10-16 22:07:09,310 web_auto_test INFO basepage.py-48 line：With Login_click_submit, Waiting for element ('class name', 'input_submit') visible.
2022-10-16 22:07:09,335 web_auto_test INFO basepage.py-61 line：Spent 0.025 seconds, on waiting.
2022-10-16 22:07:09,335 web_auto_test INFO basepage.py-106 line：With Login_click_submit, Finding element ('class name', 'input_submit').
2022-10-16 22:07:09,342 web_auto_test INFO basepage.py-131 line：With Login_click_submit, Click element ('class name', 'input_submit').
2022-10-16 22:07:26,221 web_auto_test INFO basepage.py-48 line：With Homepage_Check_exist_button, Waiting for element ('xpath', '//a[@class="quit"]') visible.
2022-10-16 22:07:37,312 web_auto_test ERROR basepage.py-54 line：Waiting element timeout after 10s.
Traceback (most recent call last):
  File "C:\Users\Cowry\Desktop\fastapi\autotestgit\web\Common\basepage.py", line 51, in wait_element_visible
    WebDriverWait(self.driver, timeout, poll_frequency).until(EC.visibility_of_element_located(locator))
  File "C:\Users\Cowry\Desktop\fastapi\autotestgit\venv\lib\site-packages\selenium\webdriver\support\wait.py", line 90, in until
    raise TimeoutException(message, screen, stacktrace)
selenium.common.exceptions.TimeoutException: Message: 
Stacktrace:
Backtrace:
	Ordinal0 [0x00271ED3+2236115]
	Ordinal0 [0x002092F1+1807089]
	Ordinal0 [0x001166FD+812797]
	Ordinal0 [0x001455DF+1005023]
	Ordinal0 [0x001457CB+1005515]
	Ordinal0 [0x00177632+1209906]
	Ordinal0 [0x00161AD4+1120980]
	Ordinal0 [0x001759E2+1202658]
	Ordinal0 [0x001618A6+1120422]
	Ordinal0 [0x0013A73D+960317]
	Ordinal0 [0x0013B71F+964383]
	GetHandleVerifier [0x0051E7E2+2743074]
	GetHandleVerifier [0x005108D4+2685972]
	GetHandleVerifier [0x00302BAA+532202]
	GetHandleVerifier [0x00301990+527568]
	Ordinal0 [0x0021080C+1837068]
	Ordinal0 [0x00214CD8+1854680]
	Ordinal0 [0x00214DC5+1854917]
	Ordinal0 [0x0021ED64+1895780]
	BaseThreadInitThunk [0x76D8FA29+25]
	RtlGetAppContainerNamedObjectPath [0x76ED7BBE+286]
	RtlGetAppContainerNamedObjectPath [0x76ED7B8E+238]
	(No symbol) [0x00000000]

2022-10-16 22:07:37,459 web_auto_test INFO basepage.py-228 line：Screenshot has been saved at: C:\Users\Cowry\Desktop\fastapi\autotestgit\web\output\screenshots\Homepage_Check_exist_button_2022-10-16-22-07-37.png
2022-10-16 22:07:37,690 web_auto_test INFO conftest.py-33 line：======== function fixture, goto login page =======
2022-10-16 22:07:37,889 web_auto_test INFO basepage.py-48 line：With Login_input_username, Waiting for element ('name', 'username') visible.
2022-10-16 22:07:37,932 web_auto_test INFO basepage.py-61 line：Spent 0.044 seconds, on waiting.
2022-10-16 22:07:37,932 web_auto_test INFO basepage.py-106 line：With Login_input_username, Finding element ('name', 'username').
2022-10-16 22:07:37,945 web_auto_test INFO basepage.py-155 line：With Login_input_username, send text  to ('name', 'username').
2022-10-16 22:07:38,046 web_auto_test INFO basepage.py-48 line：With Login_input_password, Waiting for element ('name', 'password') visible.
2022-10-16 22:07:38,065 web_auto_test INFO basepage.py-61 line：Spent 0.018 seconds, on waiting.
2022-10-16 22:07:38,065 web_auto_test INFO basepage.py-106 line：With Login_input_password, Finding element ('name', 'password').
2022-10-16 22:07:38,072 web_auto_test INFO basepage.py-155 line：With Login_input_password, send text qqqqqqqq to ('name', 'password').
2022-10-16 22:07:38,160 web_auto_test INFO basepage.py-48 line：With Login_click_submit, Waiting for element ('class name', 'input_submit') visible.
2022-10-16 22:07:38,180 web_auto_test INFO basepage.py-61 line：Spent 0.020 seconds, on waiting.
2022-10-16 22:07:38,180 web_auto_test INFO basepage.py-106 line：With Login_click_submit, Finding element ('class name', 'input_submit').
2022-10-16 22:07:38,187 web_auto_test INFO basepage.py-131 line：With Login_click_submit, Click element ('class name', 'input_submit').
2022-10-16 22:07:38,292 web_auto_test INFO basepage.py-73 line：With Login_Get_error_msg, Waiting for page contains element ('xpath', '//div[@id="error_info"]').
2022-10-16 22:07:38,310 web_auto_test INFO basepage.py-86 line：Spent 0.018 seconds, on waiting.
2022-10-16 22:07:38,310 web_auto_test INFO basepage.py-106 line：With Login_Get_error_msg, Finding element ('xpath', '//div[@id="error_info"]').
2022-10-16 22:07:38,322 web_auto_test INFO basepage.py-178 line：With Login_Get_error_msg, Get element ('xpath', '//div[@id="error_info"]') text.
2022-10-16 22:07:38,343 web_auto_test INFO basepage.py-189 line：Text value：缺少用户名或密码
2022-10-16 22:07:38,347 web_auto_test INFO conftest.py-33 line：======== function fixture, goto login page =======
2022-10-16 22:07:38,394 web_auto_test INFO basepage.py-48 line：With Login_input_username, Waiting for element ('name', 'username') visible.
2022-10-16 22:07:38,419 web_auto_test INFO basepage.py-61 line：Spent 0.025 seconds, on waiting.
2022-10-16 22:07:38,420 web_auto_test INFO basepage.py-106 line：With Login_input_username, Finding element ('name', 'username').
2022-10-16 22:07:38,440 web_auto_test INFO basepage.py-155 line：With Login_input_username, send text aaa to ('name', 'username').
2022-10-16 22:07:38,515 web_auto_test INFO basepage.py-48 line：With Login_input_password, Waiting for element ('name', 'password') visible.
2022-10-16 22:07:38,534 web_auto_test INFO basepage.py-61 line：Spent 0.019 seconds, on waiting.
2022-10-16 22:07:38,534 web_auto_test INFO basepage.py-106 line：With Login_input_password, Finding element ('name', 'password').
2022-10-16 22:07:38,542 web_auto_test INFO basepage.py-155 line：With Login_input_password, send text qqqqqqqq to ('name', 'password').
2022-10-16 22:07:38,630 web_auto_test INFO basepage.py-48 line：With Login_click_submit, Waiting for element ('class name', 'input_submit') visible.
2022-10-16 22:07:38,674 web_auto_test INFO basepage.py-61 line：Spent 0.044 seconds, on waiting.
2022-10-16 22:07:38,674 web_auto_test INFO basepage.py-106 line：With Login_click_submit, Finding element ('class name', 'input_submit').
2022-10-16 22:07:38,682 web_auto_test INFO basepage.py-131 line：With Login_click_submit, Click element ('class name', 'input_submit').
2022-10-16 22:07:38,811 web_auto_test INFO basepage.py-73 line：With Login_Get_error_msg, Waiting for page contains element ('xpath', '//div[@id="error_info"]').
2022-10-16 22:07:38,823 web_auto_test INFO basepage.py-86 line：Spent 0.011 seconds, on waiting.
2022-10-16 22:07:38,824 web_auto_test INFO basepage.py-106 line：With Login_Get_error_msg, Finding element ('xpath', '//div[@id="error_info"]').
2022-10-16 22:07:38,832 web_auto_test INFO basepage.py-178 line：With Login_Get_error_msg, Get element ('xpath', '//div[@id="error_info"]') text.
2022-10-16 22:07:38,852 web_auto_test INFO basepage.py-189 line：Text value：用户名不符合规则
2022-10-16 22:07:38,856 web_auto_test INFO conftest.py-33 line：======== function fixture, goto login page =======
2022-10-16 22:07:38,916 web_auto_test INFO basepage.py-48 line：With Login_input_username, Waiting for element ('name', 'username') visible.
2022-10-16 22:07:38,949 web_auto_test INFO basepage.py-61 line：Spent 0.033 seconds, on waiting.
2022-10-16 22:07:38,949 web_auto_test INFO basepage.py-106 line：With Login_input_username, Finding element ('name', 'username').
2022-10-16 22:07:38,956 web_auto_test INFO basepage.py-155 line：With Login_input_username, send text aaaaaaaaaaaaaaaaaaaaaaaaaaaaaa to ('name', 'username').
2022-10-16 22:07:39,060 web_auto_test INFO basepage.py-48 line：With Login_input_password, Waiting for element ('name', 'password') visible.
2022-10-16 22:07:39,078 web_auto_test INFO basepage.py-61 line：Spent 0.018 seconds, on waiting.
2022-10-16 22:07:39,079 web_auto_test INFO basepage.py-106 line：With Login_input_password, Finding element ('name', 'password').
2022-10-16 22:07:39,085 web_auto_test INFO basepage.py-155 line：With Login_input_password, send text qqqqqqqq to ('name', 'password').
2022-10-16 22:07:39,173 web_auto_test INFO basepage.py-48 line：With Login_click_submit, Waiting for element ('class name', 'input_submit') visible.
2022-10-16 22:07:39,194 web_auto_test INFO basepage.py-61 line：Spent 0.021 seconds, on waiting.
2022-10-16 22:07:39,194 web_auto_test INFO basepage.py-106 line：With Login_click_submit, Finding element ('class name', 'input_submit').
2022-10-16 22:07:39,201 web_auto_test INFO basepage.py-131 line：With Login_click_submit, Click element ('class name', 'input_submit').
2022-10-16 22:07:39,304 web_auto_test INFO basepage.py-73 line：With Login_Get_error_msg, Waiting for page contains element ('xpath', '//div[@id="error_info"]').
2022-10-16 22:07:39,313 web_auto_test INFO basepage.py-86 line：Spent 0.009 seconds, on waiting.
2022-10-16 22:07:39,313 web_auto_test INFO basepage.py-106 line：With Login_Get_error_msg, Finding element ('xpath', '//div[@id="error_info"]').
2022-10-16 22:07:39,324 web_auto_test INFO basepage.py-178 line：With Login_Get_error_msg, Get element ('xpath', '//div[@id="error_info"]') text.
2022-10-16 22:07:39,344 web_auto_test INFO basepage.py-189 line：Text value：用户名不符合规则
2022-10-16 22:07:39,349 web_auto_test INFO conftest.py-33 line：======== function fixture, goto login page =======
2022-10-16 22:07:39,409 web_auto_test INFO basepage.py-48 line：With Login_input_username, Waiting for element ('name', 'username') visible.
2022-10-16 22:07:39,448 web_auto_test INFO basepage.py-61 line：Spent 0.039 seconds, on waiting.
2022-10-16 22:07:39,448 web_auto_test INFO basepage.py-106 line：With Login_input_username, Finding element ('name', 'username').
2022-10-16 22:07:39,454 web_auto_test INFO basepage.py-155 line：With Login_input_username, send text aaaaaa to ('name', 'username').
2022-10-16 22:07:39,534 web_auto_test INFO basepage.py-48 line：With Login_input_password, Waiting for element ('name', 'password') visible.
2022-10-16 22:07:39,558 web_auto_test INFO basepage.py-61 line：Spent 0.024 seconds, on waiting.
2022-10-16 22:07:39,558 web_auto_test INFO basepage.py-106 line：With Login_input_password, Finding element ('name', 'password').
2022-10-16 22:07:39,567 web_auto_test INFO basepage.py-155 line：With Login_input_password, send text  to ('name', 'password').
2022-10-16 22:07:39,665 web_auto_test INFO basepage.py-48 line：With Login_click_submit, Waiting for element ('class name', 'input_submit') visible.
2022-10-16 22:07:39,684 web_auto_test INFO basepage.py-61 line：Spent 0.018 seconds, on waiting.
2022-10-16 22:07:39,684 web_auto_test INFO basepage.py-106 line：With Login_click_submit, Finding element ('class name', 'input_submit').
2022-10-16 22:07:39,691 web_auto_test INFO basepage.py-131 line：With Login_click_submit, Click element ('class name', 'input_submit').
2022-10-16 22:07:39,834 web_auto_test INFO basepage.py-73 line：With Login_Get_error_msg, Waiting for page contains element ('xpath', '//div[@id="error_info"]').
2022-10-16 22:07:39,847 web_auto_test INFO basepage.py-86 line：Spent 0.013 seconds, on waiting.
2022-10-16 22:07:39,847 web_auto_test INFO basepage.py-106 line：With Login_Get_error_msg, Finding element ('xpath', '//div[@id="error_info"]').
2022-10-16 22:07:39,856 web_auto_test INFO basepage.py-178 line：With Login_Get_error_msg, Get element ('xpath', '//div[@id="error_info"]') text.
2022-10-16 22:07:39,873 web_auto_test INFO basepage.py-189 line：Text value：缺少用户名或密码
2022-10-16 22:07:39,877 web_auto_test INFO conftest.py-33 line：======== function fixture, goto login page =======
2022-10-16 22:07:39,930 web_auto_test INFO basepage.py-48 line：With Login_input_username, Waiting for element ('name', 'username') visible.
2022-10-16 22:07:39,962 web_auto_test INFO basepage.py-61 line：Spent 0.032 seconds, on waiting.
2022-10-16 22:07:39,962 web_auto_test INFO basepage.py-106 line：With Login_input_username, Finding element ('name', 'username').
2022-10-16 22:07:39,969 web_auto_test INFO basepage.py-155 line：With Login_input_username, send text aaaaaa to ('name', 'username').
2022-10-16 22:07:40,051 web_auto_test INFO basepage.py-48 line：With Login_input_password, Waiting for element ('name', 'password') visible.
2022-10-16 22:07:40,071 web_auto_test INFO basepage.py-61 line：Spent 0.020 seconds, on waiting.
2022-10-16 22:07:40,071 web_auto_test INFO basepage.py-106 line：With Login_input_password, Finding element ('name', 'password').
2022-10-16 22:07:40,078 web_auto_test INFO basepage.py-155 line：With Login_input_password, send text aaaaaaaa to ('name', 'password').
2022-10-16 22:07:40,167 web_auto_test INFO basepage.py-48 line：With Login_click_submit, Waiting for element ('class name', 'input_submit') visible.
2022-10-16 22:07:40,186 web_auto_test INFO basepage.py-61 line：Spent 0.019 seconds, on waiting.
2022-10-16 22:07:40,186 web_auto_test INFO basepage.py-106 line：With Login_click_submit, Finding element ('class name', 'input_submit').
2022-10-16 22:07:40,194 web_auto_test INFO basepage.py-131 line：With Login_click_submit, Click element ('class name', 'input_submit').
2022-10-16 22:07:40,887 web_auto_test INFO basepage.py-73 line：With Login_Get_error_msg, Waiting for page contains element ('xpath', '//div[@id="error_info"]').
2022-10-16 22:07:40,898 web_auto_test INFO basepage.py-86 line：Spent 0.010 seconds, on waiting.
2022-10-16 22:07:40,898 web_auto_test INFO basepage.py-106 line：With Login_Get_error_msg, Finding element ('xpath', '//div[@id="error_info"]').
2022-10-16 22:07:40,906 web_auto_test INFO basepage.py-178 line：With Login_Get_error_msg, Get element ('xpath', '//div[@id="error_info"]') text.
2022-10-16 22:07:40,926 web_auto_test INFO basepage.py-189 line：Text value：用户名或密码错误
2022-10-16 22:07:40,929 web_auto_test INFO conftest.py-27 line：======== class fixture, close browser =======
2022-10-16 22:07:56,719 web_auto_test INFO conftest.py-22 line：======== class fixture, open browser, goto login page =======
2022-10-16 22:08:03,084 web_auto_test INFO conftest.py-33 line：======== function fixture, goto login page =======
2022-10-16 22:08:03,199 web_auto_test INFO basepage.py-48 line：With Login_input_username, Waiting for element ('name', 'username') visible.
2022-10-16 22:08:03,248 web_auto_test INFO basepage.py-61 line：Spent 0.048 seconds, on waiting.
2022-10-16 22:08:03,249 web_auto_test INFO basepage.py-106 line：With Login_input_username, Finding element ('name', 'username').
2022-10-16 22:08:03,258 web_auto_test INFO basepage.py-155 line：With Login_input_username, send text aaaaaa to ('name', 'username').
2022-10-16 22:08:03,377 web_auto_test INFO basepage.py-48 line：With Login_input_password, Waiting for element ('name', 'password') visible.
2022-10-16 22:08:03,413 web_auto_test INFO basepage.py-61 line：Spent 0.036 seconds, on waiting.
2022-10-16 22:08:03,414 web_auto_test INFO basepage.py-106 line：With Login_input_password, Finding element ('name', 'password').
2022-10-16 22:08:03,424 web_auto_test INFO basepage.py-155 line：With Login_input_password, send text qqqqqqqq to ('name', 'password').
2022-10-16 22:08:03,534 web_auto_test INFO basepage.py-48 line：With Login_click_submit, Waiting for element ('class name', 'input_submit') visible.
2022-10-16 22:08:03,559 web_auto_test INFO basepage.py-61 line：Spent 0.024 seconds, on waiting.
2022-10-16 22:08:03,559 web_auto_test INFO basepage.py-106 line：With Login_click_submit, Finding element ('class name', 'input_submit').
2022-10-16 22:08:03,566 web_auto_test INFO basepage.py-131 line：With Login_click_submit, Click element ('class name', 'input_submit').
2022-10-16 22:08:05,820 web_auto_test INFO basepage.py-48 line：With Homepage_Check_exist_button, Waiting for element ('xpath', '//a[@class="quit"]') visible.
2022-10-16 22:08:05,857 web_auto_test INFO basepage.py-61 line：Spent 0.036 seconds, on waiting.
2022-10-16 22:08:05,862 web_auto_test INFO conftest.py-27 line：======== class fixture, close browser =======
